C51 COMPILER V9.56.0.0   ONEWIRE                                                           12/18/2019 10:58:23 PAGE 1   


C51 COMPILER V9.56.0.0, COMPILATION OF MODULE ONEWIRE
OBJECT MODULE PLACED IN onewire.OBJ
COMPILER INVOKED BY: C:\Keil_v5\C51\BIN\C51.EXE onewire.c OPTIMIZE(8,SPEED) BROWSE DEBUG OBJECTEXTEND TABS(2)

line level    source

   1          #include "STC15F2K60S2.h"
   2          
   3          sbit DQ = P1^4;  //单总线接口
   4          
   5          //单总线延时函数
   6          void Delay_OneWire(unsigned int t)  //STC89C52RC
   7          {
   8   1        unsigned char i;
   9   1        while(t--)
  10   1          for(i=0;i<12;i++);
  11   1      }
  12          
  13          //通过单总线向DS18B20写一个字节
  14          void Write_DS18B20(unsigned char dat)
  15          {
  16   1        unsigned char i;
  17   1        for(i=0;i<8;i++)
  18   1        {
  19   2          DQ = 0;
  20   2          DQ = dat&0x01;
  21   2          Delay_OneWire(5);
  22   2          DQ = 1;
  23   2          dat >>= 1;
  24   2        }
  25   1        Delay_OneWire(5);
  26   1      }
  27          
  28          //从DS18B20读取一个字节
  29          unsigned char Read_DS18B20(void)
  30          {
  31   1        unsigned char i;
  32   1        unsigned char dat;
  33   1        
  34   1        for(i=0;i<8;i++)
  35   1        {
  36   2          DQ = 0;
  37   2          dat >>= 1;
  38   2          DQ = 1;
  39   2          if(DQ)
  40   2          {
  41   3            dat |= 0x80;
  42   3          }     
  43   2          Delay_OneWire(5);
  44   2        }
  45   1        return dat;
  46   1      }
  47          
  48          //DS18B20设备初始化
  49          bit init_ds18b20(void)
  50          {
  51   1          bit initflag = 0;
  52   1          
  53   1          DQ = 1;
  54   1          Delay_OneWire(12);
  55   1          DQ = 0;
C51 COMPILER V9.56.0.0   ONEWIRE                                                           12/18/2019 10:58:23 PAGE 2   

  56   1          Delay_OneWire(80);
  57   1          DQ = 1;
  58   1          Delay_OneWire(10); 
  59   1          initflag = DQ;     
  60   1          Delay_OneWire(5);
  61   1        
  62   1          return initflag;
  63   1      }
  64          
  65          
  66          
  67          
  68          
  69          


MODULE INFORMATION:   STATIC OVERLAYABLE
   CODE SIZE        =    121    ----
   CONSTANT SIZE    =   ----    ----
   XDATA SIZE       =   ----    ----
   PDATA SIZE       =   ----    ----
   DATA SIZE        =   ----    ----
   IDATA SIZE       =   ----    ----
   BIT SIZE         =   ----       1
END OF MODULE INFORMATION.


C51 COMPILATION COMPLETE.  0 WARNING(S),  0 ERROR(S)
